<?xml version="1.0" encoding="UTF-8"?>
<!-- Generated by org.testng.reporters.JUnitReportReporter -->
<testsuite skipped="0" hostname="LAPTOP-RRORHA7N" name="com.sdet.AppTest" tests="2" failures="0" timestamp="2022-03-23T01:19:45 IST" time="0.013" errors="0">
  <testcase name="testlogin1" time="0.012" classname="com.sdet.AppTest"/>
  <system-out/>
  <testcase name="testlogin2" time="0.001" classname="com.sdet.AppTest"/>
  <system-out/>
</testsuite> <!-- com.sdet.AppTest -->
